c:\users\admina\documents\visual studio 2017\projects\prg422week1\prg422week1\debug\prg422week1.pch
c:\users\admina\documents\visual studio 2017\projects\prg422week1\prg422week1\debug\vc141.pdb
c:\users\admina\documents\visual studio 2017\projects\prg422week1\prg422week1\debug\vc141.idb
c:\users\admina\documents\visual studio 2017\projects\prg422week1\prg422week1\debug\stdafx.obj
c:\users\admina\documents\visual studio 2017\projects\prg422week1\prg422week1\debug\prg422week1.obj
c:\users\admina\documents\visual studio 2017\projects\prg422week1\prg422week1\debug\person.obj
c:\users\admina\documents\visual studio 2017\projects\prg422week1\prg422week1\debug\a.obj
c:\users\admina\documents\visual studio 2017\projects\prg422week1\prg422week1\debug\memory_example.obj
c:\users\admina\documents\visual studio 2017\projects\prg422week1\prg422week1\debug\student.obj
c:\users\admina\documents\visual studio 2017\projects\prg422week1\prg422week1\debug\string.obj
c:\users\admina\documents\visual studio 2017\projects\prg422week1\prg422week1\debug\vectortest.obj
c:\users\admina\documents\github\prg422\prg422week1\prg422week1\debug\vc141.pdb
c:\users\admina\documents\github\prg422\prg422week1\prg422week1\debug\vc141.idb
c:\users\admina\documents\github\prg422\prg422week1\prg422week1\debug\a.obj
c:\users\admina\documents\github\prg422\prg422week1\prg422week1\debug\person.obj
c:\users\admina\documents\github\prg422\prg422week1\prg422week1\debug\student.obj
c:\users\admina\documents\github\prg422\prg422week1\prg422week1\debug\vectortest.obj
c:\users\admina\documents\github\prg422\prg422week1\prg422week1\debug\prg422week1.obj
c:\users\admina\documents\visual studio 2017\projects\prg422week1\debug\prg422week1.ilk
c:\users\admina\documents\visual studio 2017\projects\prg422week1\debug\prg422week1.exe
c:\users\admina\documents\visual studio 2017\projects\prg422week1\debug\prg422week1.pdb
c:\users\admina\documents\github\prg422\prg422week1\prg422week1\debug\memory_example.obj
c:\users\admina\documents\github\prg422\prg422week1\prg422week1\debug\stdafx.obj
c:\users\admina\documents\github\prg422\prg422week1\prg422week1\debug\string.obj
c:\users\admina\documents\github\prg422\prg422week1\prg422week1\debug\person.obj.enc
c:\users\admina\documents\github\prg422\prg422week1\prg422week1\debug\prg422week1.obj.enc
c:\users\admina\documents\github\prg422\prg422week1\prg422week1\debug\prg422week1.pch
c:\users\admina\documents\github\prg422\prg422week1\debug\prg422week1.pdb
c:\users\admina\documents\github\prg422\prg422week1\prg422week1\debug\prg422week1.tlog\cl.command.1.tlog
c:\users\admina\documents\github\prg422\prg422week1\prg422week1\debug\prg422week1.tlog\cl.read.1.tlog
c:\users\admina\documents\github\prg422\prg422week1\prg422week1\debug\prg422week1.tlog\cl.write.1.tlog
c:\users\admina\documents\github\prg422\prg422week1\prg422week1\debug\prg422week1.tlog\link-cvtres.read.1.tlog
c:\users\admina\documents\github\prg422\prg422week1\prg422week1\debug\prg422week1.tlog\link-cvtres.write.1.tlog
c:\users\admina\documents\github\prg422\prg422week1\prg422week1\debug\prg422week1.tlog\link-rc.read.1.tlog
c:\users\admina\documents\github\prg422\prg422week1\prg422week1\debug\prg422week1.tlog\link-rc.write.1.tlog
c:\users\admina\documents\github\prg422\prg422week1\prg422week1\debug\prg422week1.tlog\link.command.1.tlog
c:\users\admina\documents\github\prg422\prg422week1\prg422week1\debug\prg422week1.tlog\link.read.1.tlog
c:\users\admina\documents\github\prg422\prg422week1\prg422week1\debug\prg422week1.tlog\link.write.1.tlog
